<?xml version="1.0" encoding="UTF-8"?>
<!-- Generated by org.testng.reporters.JUnitReportReporter -->
<testsuite skipped="0" hostname="EGDM1-ABaiomy" name="CRUDTests.CommitteesCRUDTest" tests="5" failures="0" timestamp="02 Jan 2020 11:00:51 GMT" time="121.384" errors="0">
  <testcase name="checkDeleteTestCase" time="18.083" classname="CRUDTests.CommitteesCRUDTest"/>
  <testcase name="checkUpdateTestCase" time="12.292" classname="CRUDTests.CommitteesCRUDTest"/>
  <testcase name="checkFilterArea" time="28.149" classname="CRUDTests.CommitteesCRUDTest"/>
  <testcase name="CheckSaveTestCase" time="57.171" classname="CRUDTests.CommitteesCRUDTest"/>
  <testcase name="checkRetrieveAllAndPaging" time="5.689" classname="CRUDTests.CommitteesCRUDTest"/>
</testsuite> <!-- CRUDTests.CommitteesCRUDTest -->
