<?xml version="1.0" encoding="UTF-8"?>
<!-- Generated by org.testng.reporters.JUnitReportReporter -->
<testsuite skipped="0" hostname="EGDM1-ABaiomy" name="CRUDTests.DocumentTypesCRUDTest" tests="5" failures="0" timestamp="02 Jan 2020 11:00:51 GMT" time="121.569" errors="0">
  <testcase name="deleteData" time="15.090" classname="CRUDTests.DocumentTypesCRUDTest"/>
  <testcase name="filterByRecords" time="49.338" classname="CRUDTests.DocumentTypesCRUDTest"/>
  <testcase name="retrieveAllAndPaging" time="32.161" classname="CRUDTests.DocumentTypesCRUDTest"/>
  <testcase name="updateData" time="1.113" classname="CRUDTests.DocumentTypesCRUDTest"/>
  <testcase name="CheckSaveTestCase" time="23.867" classname="CRUDTests.DocumentTypesCRUDTest"/>
</testsuite> <!-- CRUDTests.DocumentTypesCRUDTest -->
