<?xml version="1.0" encoding="UTF-8"?>
<!-- Generated by org.testng.reporters.JUnitReportReporter -->
<testsuite skipped="0" hostname="EGDM1-ABaiomy" name="CRUDTests.IndividualGuarantorsCRUDTest" tests="1" failures="0" timestamp="19 Dec 2019 08:11:22 GMT" time="0.445" errors="0">
  <testcase name="CheckLogin" time="0.445" classname="CRUDTests.IndividualGuarantorsCRUDTest"/>
</testsuite> <!-- CRUDTests.IndividualGuarantorsCRUDTest -->
