<?xml version="1.0" encoding="UTF-8"?>
<!-- Generated by org.testng.reporters.JUnitReportReporter -->
<testsuite skipped="0" hostname="EGDM1-ABaiomy" name="CRUDTests.BanksCRUDTest" tests="2" failures="0" timestamp="22 Dec 2019 13:02:07 GMT" time="173.020" errors="0">
  <testcase name="CheckSaveTestCase" time="171.495" classname="CRUDTests.BanksCRUDTest"/>
  <testcase name="checkUpdateTestCase" time="1.525" classname="CRUDTests.BanksCRUDTest"/>
</testsuite> <!-- CRUDTests.BanksCRUDTest -->
