<?xml version="1.0" encoding="UTF-8"?>
<!-- Generated by org.testng.reporters.JUnitReportReporter -->
<testsuite skipped="0" hostname="EGDM1-ABaiomy" name="CRUDTests.IDTypesCRUDTest" tests="5" failures="0" timestamp="30 Dec 2019 09:27:07 GMT" time="59.158" errors="0">
  <testcase name="checkUpdateTestCase" time="1.159" classname="CRUDTests.IDTypesCRUDTest"/>
  <testcase name="checkDeleteTestCase" time="10.075" classname="CRUDTests.IDTypesCRUDTest"/>
  <testcase name="checkRetrieveAllAndPaging" time="2.338" classname="CRUDTests.IDTypesCRUDTest"/>
  <testcase name="CheckSaveTestCase" time="18.239" classname="CRUDTests.IDTypesCRUDTest"/>
  <testcase name="checkFilterArea" time="27.347" classname="CRUDTests.IDTypesCRUDTest"/>
</testsuite> <!-- CRUDTests.IDTypesCRUDTest -->
