<?xml version="1.0" encoding="UTF-8"?>
<!-- Generated by org.testng.reporters.JUnitReportReporter -->
<testsuite skipped="0" hostname="EGDM1-ABaiomy" name="CRUDTests.AnnualIncomeCRUDTest" tests="6" failures="0" timestamp="02 Jan 2020 11:00:51 GMT" time="100.782" errors="0">
  <testcase name="checkUpdateTestCase" time="6.211" classname="CRUDTests.AnnualIncomeCRUDTest"/>
  <testcase name="checkRetrieveAllAndPaging" time="2.409" classname="CRUDTests.AnnualIncomeCRUDTest"/>
  <testcase name="checkDeleteTestCase" time="10.082" classname="CRUDTests.AnnualIncomeCRUDTest"/>
  <testcase name="checkFilterArea" time="28.079" classname="CRUDTests.AnnualIncomeCRUDTest"/>
  <testcase name="CheckLogin" time="0.453" classname="CRUDTests.AnnualIncomeCRUDTest"/>
  <testcase name="CheckSaveTestCase" time="53.548" classname="CRUDTests.AnnualIncomeCRUDTest"/>
</testsuite> <!-- CRUDTests.AnnualIncomeCRUDTest -->
