<?xml version="1.0" encoding="UTF-8"?>
<!-- Generated by org.testng.reporters.JUnitReportReporter -->
<testsuite skipped="0" hostname="EGDM1-ABaiomy" name="CRUDTests.AnnualIncomeCRUDTest" tests="6" failures="0" timestamp="30 Dec 2019 09:27:07 GMT" time="96.145" errors="0">
  <testcase name="checkUpdateTestCase" time="6.231" classname="CRUDTests.AnnualIncomeCRUDTest"/>
  <testcase name="checkDeleteTestCase" time="10.095" classname="CRUDTests.AnnualIncomeCRUDTest"/>
  <testcase name="CheckSaveTestCase" time="49.164" classname="CRUDTests.AnnualIncomeCRUDTest"/>
  <testcase name="CheckLogin" time="0.587" classname="CRUDTests.AnnualIncomeCRUDTest"/>
  <testcase name="checkFilterArea" time="27.619" classname="CRUDTests.AnnualIncomeCRUDTest"/>
  <testcase name="checkRetrieveAllAndPaging" time="2.449" classname="CRUDTests.AnnualIncomeCRUDTest"/>
</testsuite> <!-- CRUDTests.AnnualIncomeCRUDTest -->
