<?xml version="1.0" encoding="UTF-8"?>
<!-- Generated by org.testng.reporters.JUnitReportReporter -->
<testsuite skipped="0" hostname="EGDM1-ABaiomy" name="CRUDTests.BusinessPartiesCRUDTest" tests="2" failures="0" timestamp="23 Jan 2020 09:53:34 GMT" time="71.506" errors="0">
  <testcase name="checkRetrieveAllAndPaging" time="2.742" classname="CRUDTests.BusinessPartiesCRUDTest"/>
  <testcase name="checkFilterArea" time="68.764" classname="CRUDTests.BusinessPartiesCRUDTest"/>
</testsuite> <!-- CRUDTests.BusinessPartiesCRUDTest -->
