<?xml version="1.0" encoding="UTF-8"?>
<!-- Generated by org.testng.reporters.JUnitReportReporter -->
<testsuite skipped="2" hostname="EGDM1-ABaiomy" name="CRUDTests.CustomersCRUDTest" tests="2" failures="0" timestamp="25 Dec 2019 11:35:53 GMT" time="0.000" errors="0">
  <testcase name="checkRetrieveAllAndPaging" time="0.000" classname="CRUDTests.CustomersCRUDTest">
    <skipped/>
  </testcase> <!-- checkRetrieveAllAndPaging -->
  <testcase name="checkFilterArea" time="0.000" classname="CRUDTests.CustomersCRUDTest">
    <skipped/>
  </testcase> <!-- checkFilterArea -->
</testsuite> <!-- CRUDTests.CustomersCRUDTest -->
