<?xml version="1.0" encoding="UTF-8"?>
<!-- Generated by org.testng.reporters.JUnitReportReporter -->
<testsuite skipped="0" hostname="EGDM1-ABaiomy" name="CRUDTests.IDTypesCRUDTest" tests="5" failures="0" timestamp="02 Jan 2020 11:00:51 GMT" time="120.608" errors="0">
  <testcase name="checkRetrieveAllAndPaging" time="27.576" classname="CRUDTests.IDTypesCRUDTest"/>
  <testcase name="CheckSaveTestCase" time="29.534" classname="CRUDTests.IDTypesCRUDTest"/>
  <testcase name="checkDeleteTestCase" time="15.076" classname="CRUDTests.IDTypesCRUDTest"/>
  <testcase name="checkUpdateTestCase" time="1.136" classname="CRUDTests.IDTypesCRUDTest"/>
  <testcase name="checkFilterArea" time="47.286" classname="CRUDTests.IDTypesCRUDTest"/>
</testsuite> <!-- CRUDTests.IDTypesCRUDTest -->
