<?xml version="1.0" encoding="UTF-8"?>
<!-- Generated by org.testng.reporters.JUnitReportReporter -->
<testsuite skipped="0" hostname="EGDM1-AMounir" name="CRUDTests.RegionsCRUDTest" tests="1" failures="0" timestamp="2019-11-03T14:38:54 EET" time="0.474" errors="0">
  <testcase name="CheckLogin" time="0.474" classname="CRUDTests.RegionsCRUDTest"/>
</testsuite> <!-- CRUDTests.RegionsCRUDTest -->
