<?xml version="1.0" encoding="UTF-8"?>
<!-- Generated by org.testng.reporters.JUnitReportReporter -->
<testsuite skipped="0" hostname="EGDM1-ABaiomy" name="CRUDTests.CommitteesCRUDTest" tests="5" failures="0" timestamp="23 Jan 2020 09:53:34 GMT" time="174.851" errors="0">
  <testcase name="checkRetrieveAllAndPaging" time="6.058" classname="CRUDTests.CommitteesCRUDTest"/>
  <testcase name="checkDeleteTestCase" time="23.093" classname="CRUDTests.CommitteesCRUDTest"/>
  <testcase name="checkUpdateTestCase" time="17.677" classname="CRUDTests.CommitteesCRUDTest"/>
  <testcase name="CheckSaveTestCase" time="79.149" classname="CRUDTests.CommitteesCRUDTest"/>
  <testcase name="checkFilterArea" time="48.874" classname="CRUDTests.CommitteesCRUDTest"/>
</testsuite> <!-- CRUDTests.CommitteesCRUDTest -->
