<?xml version="1.0" encoding="UTF-8"?>
<!-- Generated by org.testng.reporters.JUnitReportReporter -->
<testsuite skipped="0" hostname="EGDM1-ABaiomy" name="CRUDTests.CommitteesMeetingsCRUDTest" tests="5" failures="0" timestamp="02 Jan 2020 11:00:51 GMT" time="66.450" errors="0">
  <testcase name="checkRetrieveAllAndPaging" time="2.438" classname="CRUDTests.CommitteesMeetingsCRUDTest"/>
  <testcase name="checkUpdateTestCase" time="1.111" classname="CRUDTests.CommitteesMeetingsCRUDTest"/>
  <testcase name="CheckSaveTestCase" time="20.439" classname="CRUDTests.CommitteesMeetingsCRUDTest"/>
  <testcase name="checkDeleteTestCase" time="13.077" classname="CRUDTests.CommitteesMeetingsCRUDTest"/>
  <testcase name="checkFilterArea" time="29.385" classname="CRUDTests.CommitteesMeetingsCRUDTest"/>
</testsuite> <!-- CRUDTests.CommitteesMeetingsCRUDTest -->
