<?xml version="1.0" encoding="UTF-8"?>
<!-- Generated by org.testng.reporters.JUnitReportReporter -->
<testsuite skipped="0" hostname="EGDM1-ABaiomy" name="CRUDTests.CorporateFinanciersCRUDTest" tests="2" failures="0" timestamp="02 Jan 2020 11:00:51 GMT" time="64.003" errors="0">
  <testcase name="checkRetrieveAllAndPaging" time="9.232" classname="CRUDTests.CorporateFinanciersCRUDTest"/>
  <testcase name="checkFilterArea" time="54.771" classname="CRUDTests.CorporateFinanciersCRUDTest"/>
</testsuite> <!-- CRUDTests.CorporateFinanciersCRUDTest -->
