<?xml version="1.0" encoding="UTF-8"?>
<!-- Generated by org.testng.reporters.JUnitReportReporter -->
<testsuite skipped="0" hostname="EGDM1-ABaiomy" name="CRUDTests.BusinessPartiesCRUDTest" tests="2" failures="0" timestamp="30 Dec 2019 09:27:07 GMT" time="59.160" errors="0">
  <testcase name="checkRetrieveAllAndPaging" time="2.580" classname="CRUDTests.BusinessPartiesCRUDTest"/>
  <testcase name="checkFilterArea" time="56.580" classname="CRUDTests.BusinessPartiesCRUDTest"/>
</testsuite> <!-- CRUDTests.BusinessPartiesCRUDTest -->
