<?xml version="1.0" encoding="UTF-8"?>
<!-- Generated by org.testng.reporters.JUnitReportReporter -->
<testsuite skipped="5" hostname="EGDM1-ABaiomy" name="CRUDTests.CustomerTitlesCRUDTest" tests="5" failures="0" timestamp="25 Dec 2019 11:35:53 GMT" time="0.000" errors="0">
  <testcase name="CheckSaveTestCase" time="0.000" classname="CRUDTests.CustomerTitlesCRUDTest">
    <skipped/>
  </testcase> <!-- CheckSaveTestCase -->
  <testcase name="checkFilterArea" time="0.000" classname="CRUDTests.CustomerTitlesCRUDTest">
    <skipped/>
  </testcase> <!-- checkFilterArea -->
  <testcase name="checkDeleteTestCase" time="0.000" classname="CRUDTests.CustomerTitlesCRUDTest">
    <skipped/>
  </testcase> <!-- checkDeleteTestCase -->
  <testcase name="checkUpdateTestCase" time="0.000" classname="CRUDTests.CustomerTitlesCRUDTest">
    <skipped/>
  </testcase> <!-- checkUpdateTestCase -->
  <testcase name="checkRetrieveAllAndPaging" time="0.000" classname="CRUDTests.CustomerTitlesCRUDTest">
    <skipped/>
  </testcase> <!-- checkRetrieveAllAndPaging -->
</testsuite> <!-- CRUDTests.CustomerTitlesCRUDTest -->
