<?xml version="1.0" encoding="UTF-8"?>
<!-- Generated by org.testng.reporters.JUnitReportReporter -->
<testsuite skipped="0" hostname="EGDM1-ABaiomy" name="CRUDTests.CompaniesCRUDTest" tests="5" failures="0" timestamp="30 Dec 2019 09:27:07 GMT" time="318.139" errors="0">
  <testcase name="checkFilterArea" time="28.006" classname="CRUDTests.CompaniesCRUDTest"/>
  <testcase name="checkDeleteTestCase" time="15.094" classname="CRUDTests.CompaniesCRUDTest"/>
  <testcase name="checkUpdateTestCase" time="1.402" classname="CRUDTests.CompaniesCRUDTest"/>
  <testcase name="checkRetrieveAllAndPaging" time="2.439" classname="CRUDTests.CompaniesCRUDTest"/>
  <testcase name="CheckSaveTestCase" time="271.198" classname="CRUDTests.CompaniesCRUDTest"/>
</testsuite> <!-- CRUDTests.CompaniesCRUDTest -->
