<?xml version="1.0" encoding="UTF-8"?>
<!-- Generated by org.testng.reporters.JUnitReportReporter -->
<testsuite skipped="2" hostname="EGDM1-ABaiomy" name="CRUDTests.CorporateFinanciersCRUDTest" tests="2" failures="0" timestamp="23 Jan 2020 09:53:34 GMT" time="0.000" errors="0">
  <testcase name="checkRetrieveAllAndPaging" time="0.000" classname="CRUDTests.CorporateFinanciersCRUDTest">
    <skipped/>
  </testcase> <!-- checkRetrieveAllAndPaging -->
  <testcase name="checkFilterArea" time="0.000" classname="CRUDTests.CorporateFinanciersCRUDTest">
    <skipped/>
  </testcase> <!-- checkFilterArea -->
</testsuite> <!-- CRUDTests.CorporateFinanciersCRUDTest -->
