<?xml version="1.0" encoding="UTF-8"?>
<!-- Generated by org.testng.reporters.JUnitReportReporter -->
<testsuite skipped="5" hostname="EGDM1-ABaiomy" name="CRUDTests.IDTypesCRUDTest" tests="5" failures="0" timestamp="23 Jan 2020 09:53:34 GMT" time="0.000" errors="0">
  <testcase name="CheckSaveTestCase" time="0.000" classname="CRUDTests.IDTypesCRUDTest">
    <skipped/>
  </testcase> <!-- CheckSaveTestCase -->
  <testcase name="checkDeleteTestCase" time="0.000" classname="CRUDTests.IDTypesCRUDTest">
    <skipped/>
  </testcase> <!-- checkDeleteTestCase -->
  <testcase name="checkFilterArea" time="0.000" classname="CRUDTests.IDTypesCRUDTest">
    <skipped/>
  </testcase> <!-- checkFilterArea -->
  <testcase name="checkRetrieveAllAndPaging" time="0.000" classname="CRUDTests.IDTypesCRUDTest">
    <skipped/>
  </testcase> <!-- checkRetrieveAllAndPaging -->
  <testcase name="checkUpdateTestCase" time="0.000" classname="CRUDTests.IDTypesCRUDTest">
    <skipped/>
  </testcase> <!-- checkUpdateTestCase -->
</testsuite> <!-- CRUDTests.IDTypesCRUDTest -->
