<?xml version="1.0" encoding="UTF-8"?>
<!-- Generated by org.testng.reporters.JUnitReportReporter -->
<testsuite skipped="0" hostname="EGDM1-ABaiomy" name="CRUDTests.BusinessPartiesCRUDTest" tests="2" failures="0" timestamp="02 Jan 2020 11:00:51 GMT" time="53.106" errors="0">
  <testcase name="checkFilterArea" time="50.533" classname="CRUDTests.BusinessPartiesCRUDTest"/>
  <testcase name="checkRetrieveAllAndPaging" time="2.573" classname="CRUDTests.BusinessPartiesCRUDTest"/>
</testsuite> <!-- CRUDTests.BusinessPartiesCRUDTest -->
