<?xml version="1.0" encoding="UTF-8"?>
<!-- Generated by org.testng.reporters.JUnitReportReporter -->
<testsuite skipped="0" hostname="EGDM1-AMounir" name="CRUDTests.VendorsCRUDTest" tests="3" failures="0" timestamp="2019-11-03T15:14:51 EET" time="87.592" errors="0">
  <testcase name="CheckLogin" time="0.523" classname="CRUDTests.VendorsCRUDTest"/>
  <testcase name="checkRetrieveAllAndPaging" time="13.099" classname="CRUDTests.VendorsCRUDTest"/>
  <testcase name="checkFilterArea" time="73.970" classname="CRUDTests.VendorsCRUDTest"/>
</testsuite> <!-- CRUDTests.VendorsCRUDTest -->
