<?xml version="1.0" encoding="UTF-8"?>
<!-- Generated by org.testng.reporters.JUnitReportReporter -->
<testsuite skipped="0" hostname="EGDM1-ABaiomy" name="CRUDTests.CurrenciesCRUDTest" tests="5" failures="0" timestamp="30 Dec 2019 09:27:07 GMT" time="75.702" errors="0">
  <testcase name="checkFilterArea" time="32.773" classname="CRUDTests.CurrenciesCRUDTest"/>
  <testcase name="CheckSaveTestCase" time="20.580" classname="CRUDTests.CurrenciesCRUDTest"/>
  <testcase name="checkRetrieveAllAndPaging" time="2.476" classname="CRUDTests.CurrenciesCRUDTest"/>
  <testcase name="checkUpdateTestCase" time="11.717" classname="CRUDTests.CurrenciesCRUDTest"/>
  <testcase name="checkDeleteTestCase" time="8.156" classname="CRUDTests.CurrenciesCRUDTest"/>
</testsuite> <!-- CRUDTests.CurrenciesCRUDTest -->
