<?xml version="1.0" encoding="UTF-8"?>
<!-- Generated by org.testng.reporters.JUnitReportReporter -->
<testsuite skipped="0" hostname="EGDM1-AMounir" name="Tests.LoginTest" tests="1" failures="0" timestamp="2019-11-04T13:25:50 EET" time="0.655" errors="0">
  <testcase name="CheckLogin" time="0.655" classname="Tests.LoginTest"/>
</testsuite> <!-- Tests.LoginTest -->
