<?xml version="1.0" encoding="UTF-8"?>
<!-- Generated by org.testng.reporters.JUnitReportReporter -->
<testsuite skipped="0" hostname="EGDM1-AMounir" name="CRUDTests.CountriesCRUDTest" tests="2" failures="0" timestamp="2019-11-03T13:27:03 EET" time="61.138" errors="0">
  <testcase name="CheckLogin" time="0.436" classname="CRUDTests.CountriesCRUDTest"/>
  <testcase name="CheckSaveTestCase" time="60.702" classname="CRUDTests.CountriesCRUDTest"/>
</testsuite> <!-- CRUDTests.CountriesCRUDTest -->
