<?xml version="1.0" encoding="UTF-8"?>
<!-- Generated by org.testng.reporters.JUnitReportReporter -->
<testsuite skipped="0" hostname="EGDM1-ABaiomy" name="CRUDTests.CommitteesMeetingsCRUDTest" tests="5" failures="0" timestamp="30 Dec 2019 09:27:07 GMT" time="121.194" errors="0">
  <testcase name="checkUpdateTestCase" time="1.109" classname="CRUDTests.CommitteesMeetingsCRUDTest"/>
  <testcase name="checkRetrieveAllAndPaging" time="27.540" classname="CRUDTests.CommitteesMeetingsCRUDTest"/>
  <testcase name="CheckSaveTestCase" time="25.061" classname="CRUDTests.CommitteesMeetingsCRUDTest"/>
  <testcase name="checkFilterArea" time="49.397" classname="CRUDTests.CommitteesMeetingsCRUDTest"/>
  <testcase name="checkDeleteTestCase" time="18.087" classname="CRUDTests.CommitteesMeetingsCRUDTest"/>
</testsuite> <!-- CRUDTests.CommitteesMeetingsCRUDTest -->
