<?xml version="1.0" encoding="UTF-8"?>
<!-- Generated by org.testng.reporters.JUnitReportReporter -->
<testsuite skipped="0" hostname="EGDM1-ABaiomy" name="CRUDTests.CommitteesCRUDTest" tests="5" failures="0" timestamp="30 Dec 2019 09:27:07 GMT" time="115.838" errors="0">
  <testcase name="checkRetrieveAllAndPaging" time="5.614" classname="CRUDTests.CommitteesCRUDTest"/>
  <testcase name="checkFilterArea" time="28.523" classname="CRUDTests.CommitteesCRUDTest"/>
  <testcase name="checkDeleteTestCase" time="18.075" classname="CRUDTests.CommitteesCRUDTest"/>
  <testcase name="checkUpdateTestCase" time="12.355" classname="CRUDTests.CommitteesCRUDTest"/>
  <testcase name="CheckSaveTestCase" time="51.271" classname="CRUDTests.CommitteesCRUDTest"/>
</testsuite> <!-- CRUDTests.CommitteesCRUDTest -->
