<?xml version="1.0" encoding="UTF-8"?>
<!-- Generated by org.testng.reporters.JUnitReportReporter -->
<testsuite skipped="0" hostname="EGDM1-ABaiomy" name="CRUDTests.AnnualIncomeCRUDTest" tests="6" failures="0" timestamp="23 Jan 2020 09:53:34 GMT" time="107.693" errors="0">
  <testcase name="CheckSaveTestCase" time="60.812" classname="CRUDTests.AnnualIncomeCRUDTest"/>
  <testcase name="checkUpdateTestCase" time="6.242" classname="CRUDTests.AnnualIncomeCRUDTest"/>
  <testcase name="checkDeleteTestCase" time="10.097" classname="CRUDTests.AnnualIncomeCRUDTest"/>
  <testcase name="checkFilterArea" time="27.678" classname="CRUDTests.AnnualIncomeCRUDTest"/>
  <testcase name="CheckLogin" time="0.455" classname="CRUDTests.AnnualIncomeCRUDTest"/>
  <testcase name="checkRetrieveAllAndPaging" time="2.409" classname="CRUDTests.AnnualIncomeCRUDTest"/>
</testsuite> <!-- CRUDTests.AnnualIncomeCRUDTest -->
