<?xml version="1.0" encoding="UTF-8"?>
<!-- Generated by org.testng.reporters.JUnitReportReporter -->
<testsuite skipped="0" hostname="EGDM1-ABaiomy" name="CRUDTests.CurrenciesCRUDTest" tests="5" failures="0" timestamp="02 Jan 2020 11:00:51 GMT" time="98.017" errors="0">
  <testcase name="checkRetrieveAllAndPaging" time="2.490" classname="CRUDTests.CurrenciesCRUDTest"/>
  <testcase name="checkDeleteTestCase" time="8.157" classname="CRUDTests.CurrenciesCRUDTest"/>
  <testcase name="checkFilterArea" time="54.089" classname="CRUDTests.CurrenciesCRUDTest"/>
  <testcase name="CheckSaveTestCase" time="21.833" classname="CRUDTests.CurrenciesCRUDTest"/>
  <testcase name="checkUpdateTestCase" time="11.448" classname="CRUDTests.CurrenciesCRUDTest"/>
</testsuite> <!-- CRUDTests.CurrenciesCRUDTest -->
