<?xml version="1.0" encoding="UTF-8"?>
<!-- Generated by org.testng.reporters.JUnitReportReporter -->
<testsuite skipped="0" hostname="EGDM1-ABaiomy" name="CRUDTests.CorporateFinanciersCRUDTest" tests="2" failures="0" timestamp="30 Dec 2019 09:27:07 GMT" time="60.076" errors="0">
  <testcase name="checkRetrieveAllAndPaging" time="7.338" classname="CRUDTests.CorporateFinanciersCRUDTest"/>
  <testcase name="checkFilterArea" time="52.738" classname="CRUDTests.CorporateFinanciersCRUDTest"/>
</testsuite> <!-- CRUDTests.CorporateFinanciersCRUDTest -->
