<?xml version="1.0" encoding="UTF-8"?>
<!-- Generated by org.testng.reporters.JUnitReportReporter -->
<testsuite skipped="5" hostname="EGDM1-ABaiomy" name="CRUDTests.DocumentTypesCRUDTest" tests="5" failures="0" timestamp="23 Jan 2020 09:53:34 GMT" time="0.000" errors="0">
  <testcase name="deleteData" time="0.000" classname="CRUDTests.DocumentTypesCRUDTest">
    <skipped/>
  </testcase> <!-- deleteData -->
  <testcase name="filterByRecords" time="0.000" classname="CRUDTests.DocumentTypesCRUDTest">
    <skipped/>
  </testcase> <!-- filterByRecords -->
  <testcase name="CheckSaveTestCase" time="0.000" classname="CRUDTests.DocumentTypesCRUDTest">
    <skipped/>
  </testcase> <!-- CheckSaveTestCase -->
  <testcase name="retrieveAllAndPaging" time="0.000" classname="CRUDTests.DocumentTypesCRUDTest">
    <skipped/>
  </testcase> <!-- retrieveAllAndPaging -->
  <testcase name="updateData" time="0.000" classname="CRUDTests.DocumentTypesCRUDTest">
    <skipped/>
  </testcase> <!-- updateData -->
</testsuite> <!-- CRUDTests.DocumentTypesCRUDTest -->
