<?xml version="1.0" encoding="UTF-8"?>
<!-- Generated by org.testng.reporters.JUnitReportReporter -->
<testsuite skipped="0" hostname="EGDM1-ABaiomy" name="CRUDTests.IndividualFinanciersCRUDTest" tests="3" failures="0" timestamp="13 Nov 2019 11:35:26 GMT" time="80.244" errors="0">
  <testcase name="CheckLogin" time="0.585" classname="CRUDTests.IndividualFinanciersCRUDTest"/>
  <testcase name="checkFilterArea" time="72.548" classname="CRUDTests.IndividualFinanciersCRUDTest"/>
  <testcase name="checkRetrieveAllAndPaging" time="7.111" classname="CRUDTests.IndividualFinanciersCRUDTest"/>
</testsuite> <!-- CRUDTests.IndividualFinanciersCRUDTest -->
