<?xml version="1.0" encoding="UTF-8"?>
<!-- Generated by org.testng.reporters.JUnitReportReporter -->
<testsuite skipped="0" hostname="EGDM1-ABaiomy" name="CRUDTests.CompaniesCRUDTest" tests="5" failures="0" timestamp="02 Jan 2020 11:00:51 GMT" time="307.930" errors="0">
  <testcase name="CheckSaveTestCase" time="258.986" classname="CRUDTests.CompaniesCRUDTest"/>
  <testcase name="checkDeleteTestCase" time="10.077" classname="CRUDTests.CompaniesCRUDTest"/>
  <testcase name="checkRetrieveAllAndPaging" time="2.490" classname="CRUDTests.CompaniesCRUDTest"/>
  <testcase name="checkFilterArea" time="34.917" classname="CRUDTests.CompaniesCRUDTest"/>
  <testcase name="checkUpdateTestCase" time="1.460" classname="CRUDTests.CompaniesCRUDTest"/>
</testsuite> <!-- CRUDTests.CompaniesCRUDTest -->
