<?xml version="1.0" encoding="UTF-8"?>
<!-- Generated by org.testng.reporters.JUnitReportReporter -->
<testsuite skipped="0" hostname="EGDM1-ABaiomy" name="CRUDTests.QardHassanCRUDTest" tests="6" failures="0" timestamp="10 Nov 2019 14:31:01 GMT" time="240.220" errors="0">
  <testcase name="checkUpdateTestCase" time="6.619" classname="CRUDTests.QardHassanCRUDTest"/>
  <testcase name="CheckSaveTestCase" time="170.528" classname="CRUDTests.QardHassanCRUDTest"/>
  <testcase name="CheckLogin" time="0.473" classname="CRUDTests.QardHassanCRUDTest"/>
  <testcase name="checkDeleteTestCase" time="20.078" classname="CRUDTests.QardHassanCRUDTest"/>
  <testcase name="checkFilterArea" time="40.083" classname="CRUDTests.QardHassanCRUDTest"/>
  <testcase name="checkRetrieveAllAndPaging" time="2.439" classname="CRUDTests.QardHassanCRUDTest"/>
</testsuite> <!-- CRUDTests.QardHassanCRUDTest -->
