<?xml version="1.0" encoding="UTF-8"?>
<!-- Generated by org.testng.reporters.JUnitReportReporter -->
<testsuite skipped="0" hostname="EGDM1-ABaiomy" name="CRUDTests.MurabahaCRUDTest" tests="6" failures="0" timestamp="10 Nov 2019 09:48:09 GMT" time="213.762" errors="0">
  <testcase name="CheckLogin" time="0.468" classname="CRUDTests.MurabahaCRUDTest"/>
  <testcase name="CheckSaveTestCase" time="154.397" classname="CRUDTests.MurabahaCRUDTest"/>
  <testcase name="checkUpdateTestCase" time="8.471" classname="CRUDTests.MurabahaCRUDTest"/>
  <testcase name="checkDeleteTestCase" time="20.141" classname="CRUDTests.MurabahaCRUDTest"/>
  <testcase name="checkFilterArea" time="27.826" classname="CRUDTests.MurabahaCRUDTest"/>
  <testcase name="checkRetrieveAllAndPaging" time="2.459" classname="CRUDTests.MurabahaCRUDTest"/>
</testsuite> <!-- CRUDTests.MurabahaCRUDTest -->
