<?xml version="1.0" encoding="UTF-8"?>
<!-- Generated by org.testng.reporters.JUnitReportReporter -->
<testsuite skipped="0" hostname="EGDM1-AMounir" name="Tests.BanksCRUDTest" tests="6" failures="0" timestamp="31 Oct 2019 14:48:16 GMT" time="228.079" errors="0">
  <testcase name="CheckSaveTestCase" time="182.969" classname="Tests.BanksCRUDTest"/>
  <testcase name="checkUpdateTestCase" time="5.584" classname="Tests.BanksCRUDTest"/>
  <testcase name="CheckLogin" time="0.463" classname="Tests.BanksCRUDTest"/>
  <testcase name="checkDeleteTestCase" time="2.232" classname="Tests.BanksCRUDTest"/>
  <testcase name="checkFilterArea" time="34.258" classname="Tests.BanksCRUDTest"/>
  <testcase name="checkRetrieveAllAndPaging" time="2.573" classname="Tests.BanksCRUDTest"/>
</testsuite> <!-- Tests.BanksCRUDTest -->
