<?xml version="1.0" encoding="UTF-8"?>
<!-- Generated by org.testng.reporters.JUnitReportReporter -->
<testsuite skipped="0" hostname="EGDM1-ABaiomy" name="CRUDTests.ProjectsCRUDTest" tests="6" failures="0" timestamp="10 Nov 2019 08:11:43 GMT" time="190.100" errors="0">
  <testcase name="checkUpdateTestCase" time="5.311" classname="CRUDTests.ProjectsCRUDTest"/>
  <testcase name="CheckSaveTestCase" time="147.882" classname="CRUDTests.ProjectsCRUDTest"/>
  <testcase name="CheckLogin" time="0.460" classname="CRUDTests.ProjectsCRUDTest"/>
  <testcase name="checkDeleteTestCase" time="2.087" classname="CRUDTests.ProjectsCRUDTest"/>
  <testcase name="checkFilterArea" time="31.918" classname="CRUDTests.ProjectsCRUDTest"/>
  <testcase name="checkRetrieveAllAndPaging" time="2.442" classname="CRUDTests.ProjectsCRUDTest"/>
</testsuite> <!-- CRUDTests.ProjectsCRUDTest -->
