<?xml version="1.0" encoding="UTF-8"?>
<!-- Generated by org.testng.reporters.JUnitReportReporter -->
<testsuite skipped="0" hostname="EGDM1-ABaiomy" name="CRUDTests.DocumentTypesCRUDTest" tests="5" failures="0" timestamp="30 Dec 2019 09:27:07 GMT" time="64.896" errors="0">
  <testcase name="deleteData" time="10.086" classname="CRUDTests.DocumentTypesCRUDTest"/>
  <testcase name="updateData" time="1.135" classname="CRUDTests.DocumentTypesCRUDTest"/>
  <testcase name="filterByRecords" time="27.890" classname="CRUDTests.DocumentTypesCRUDTest"/>
  <testcase name="CheckSaveTestCase" time="20.522" classname="CRUDTests.DocumentTypesCRUDTest"/>
  <testcase name="retrieveAllAndPaging" time="5.263" classname="CRUDTests.DocumentTypesCRUDTest"/>
</testsuite> <!-- CRUDTests.DocumentTypesCRUDTest -->
